<?xml version="1.0" encoding="UTF-8"?>
<!-- Generated by org.testng.reporters.JUnitReportReporter -->
<testsuite hostname="AMAN" failures="0" tests="1" name="car.testcase7" time="9.354" errors="0" timestamp="2023-12-14T13:44:00 IST" skipped="0">
  <testcase classname="car.testcase7" name="car3" time="9.354"/>
</testsuite> <!-- car.testcase7 -->
