<?xml version="1.0" encoding="UTF-8"?>
<!-- Generated by org.testng.reporters.JUnitReportReporter -->
<testsuite hostname="AMAN" failures="0" tests="1" name="TestngLisner.Testcase" time="12.544" errors="0" timestamp="2023-12-19T15:07:50 IST" skipped="0">
  <testcase classname="TestngLisner.Testcase" name="testcase" time="12.544"/>
</testsuite> <!-- TestngLisner.Testcase -->
