<?xml version="1.0" encoding="UTF-8"?>
<!-- Generated by org.testng.reporters.JUnitReportReporter -->
<testsuite hostname="AMAN" failures="0" tests="1" name="car.Time" time="10.733" errors="0" timestamp="2023-12-14T15:10:28 IST" skipped="0">
  <testcase classname="car.Time" name="amazon" time="10.733"/>
</testsuite> <!-- car.Time -->
