<?xml version="1.0" encoding="UTF-8"?>
<!-- Generated by org.testng.reporters.JUnitReportReporter -->
<testsuite hostname="AMAN" failures="0" tests="5" name="Javapro.Invocation" time="138.845" errors="0" timestamp="2023-12-12T15:42:33 IST" skipped="0">
  <testcase classname="Javapro.Invocation" name="login" time="14.322"/>
  <testcase classname="Javapro.Invocation" name="login" time="32.349"/>
  <testcase classname="Javapro.Invocation" name="login" time="14.485"/>
  <testcase classname="Javapro.Invocation" name="register" time="58.789"/>
  <testcase classname="Javapro.Invocation" name="logout" time="18.900"/>
</testsuite> <!-- Javapro.Invocation -->
