<?xml version="1.0" encoding="UTF-8"?>
<!-- Generated by org.testng.reporters.JUnitReportReporter -->
<testsuite hostname="AMAN" failures="0" tests="1" name="bike.testcase2" time="13.555" errors="0" timestamp="2023-12-14T13:44:00 IST" skipped="0">
  <testcase classname="bike.testcase2" name="bike1" time="13.555"/>
</testsuite> <!-- bike.testcase2 -->
