<?xml version="1.0" encoding="UTF-8"?>
<!-- Generated by org.testng.reporters.JUnitReportReporter -->
<testsuite hostname="AMAN" failures="0" tests="1" name="car.testcase6" time="37.057" errors="0" timestamp="2023-12-13T14:41:28 IST" skipped="0">
  <testcase classname="car.testcase6" name="car2" time="37.057"/>
</testsuite> <!-- car.testcase6 -->
