<?xml version="1.0" encoding="UTF-8"?>
<!-- Generated by org.testng.reporters.JUnitReportReporter -->
<testsuite hostname="AMAN" failures="0" tests="1" name="bike.testcase3" time="4.213" errors="0" timestamp="2023-12-14T13:44:00 IST" skipped="0">
  <testcase classname="bike.testcase3" name="bike1" time="4.213"/>
</testsuite> <!-- bike.testcase3 -->
