<?xml version="1.0" encoding="UTF-8"?>
<!-- Generated by org.testng.reporters.JUnitReportReporter -->
<testsuite hostname="AMAN" failures="0" tests="1" name="car.testcase5" time="66.734" errors="0" timestamp="2023-12-14T13:44:00 IST" skipped="0">
  <testcase classname="car.testcase5" name="car1" time="66.734"/>
</testsuite> <!-- car.testcase5 -->
