<?xml version="1.0" encoding="UTF-8"?>
<!-- Generated by org.testng.reporters.JUnitReportReporter -->
<testsuite hostname="AMAN" failures="0" tests="3" name="Javapro.program" time="14.615" errors="0" timestamp="2023-12-12T15:24:39 IST" skipped="0">
  <testcase classname="Javapro.program" name="login" time="5.115"/>
  <testcase classname="Javapro.program" name="register" time="3.148"/>
  <testcase classname="Javapro.program" name="logout" time="6.352"/>
</testsuite> <!-- Javapro.program -->
