<?xml version="1.0" encoding="UTF-8"?>
<!-- Generated by org.testng.reporters.JUnitReportReporter -->
<testsuite hostname="AMAN" failures="0" tests="1" name="Assert.AssertNull" time="0.010" errors="0" timestamp="2023-12-19T15:18:22 IST" skipped="0">
  <testcase classname="Assert.AssertNull" name="testcase" time="0.010"/>
</testsuite> <!-- Assert.AssertNull -->
