<?xml version="1.0" encoding="UTF-8"?>
<!-- Generated by org.testng.reporters.JUnitReportReporter -->
<testsuite hostname="AMAN" failures="0" tests="1" name="Assert.Assertpract" time="5.166" errors="0" timestamp="2023-12-19T13:57:53 IST" skipped="0">
  <testcase classname="Assert.Assertpract" name="Testcase" time="5.166">
    <system-out>
      <![CDATA[Assertpract completed]]>
    </system-out>
  </testcase> <!-- Testcase -->
  <system-out>
    <![CDATA[Assertpract completed]]>
  </system-out>
</testsuite> <!-- Assert.Assertpract -->
