<?xml version="1.0" encoding="UTF-8"?>
<!-- Generated by org.testng.reporters.JUnitReportReporter -->
<testsuite hostname="AMAN" failures="0" tests="2" name="FetchingDataExcel.DataDriverTesting" time="0.011" errors="0" timestamp="2023-12-15T14:59:59 IST" skipped="0">
  <testcase classname="FetchingDataExcel.DataDriverTesting" name="m1" time="0.002"/>
  <testcase classname="FetchingDataExcel.DataDriverTesting" name="m1" time="0.009"/>
</testsuite> <!-- FetchingDataExcel.DataDriverTesting -->
