<?xml version="1.0" encoding="UTF-8"?>
<!-- Generated by org.testng.reporters.JUnitReportReporter -->
<testsuite hostname="AMAN" failures="0" tests="4" name="FetchingDataExcel.Fetchdatafromexcel" time="0.019" errors="0" timestamp="2023-12-17T10:21:14 IST" skipped="0">
  <testcase classname="FetchingDataExcel.Fetchdatafromexcel" name="reciever" time="0.002"/>
  <testcase classname="FetchingDataExcel.Fetchdatafromexcel" name="reciever" time="0.014"/>
  <testcase classname="FetchingDataExcel.Fetchdatafromexcel" name="reciever" time="0.002"/>
  <testcase classname="FetchingDataExcel.Fetchdatafromexcel" name="reciever" time="0.001"/>
</testsuite> <!-- FetchingDataExcel.Fetchdatafromexcel -->
