<?xml version="1.0" encoding="UTF-8"?>
<!-- Generated by org.testng.reporters.JUnitReportReporter -->
<testsuite hostname="AMAN" failures="0" tests="5" name="Javapro.ThreadPoolSize" time="79.941" errors="0" timestamp="2023-12-12T16:03:32 IST" skipped="0">
  <testcase classname="Javapro.ThreadPoolSize" name="login" time="5.640"/>
  <testcase classname="Javapro.ThreadPoolSize" name="login" time="21.216"/>
  <testcase classname="Javapro.ThreadPoolSize" name="login" time="23.504"/>
  <testcase classname="Javapro.ThreadPoolSize" name="register" time="5.393"/>
  <testcase classname="Javapro.ThreadPoolSize" name="logout" time="24.188"/>
</testsuite> <!-- Javapro.ThreadPoolSize -->
